<?xml version="1.0" encoding="UTF-8"?>
<!-- Generated by org.testng.reporters.JUnitReportReporter -->
<testsuite hostname="Kajal" failures="0" tests="1" name="TestRunner.RunTest" time="12.336" errors="0" timestamp="2024-01-16T12:38:26 IST" skipped="0">
  <testcase classname="TestRunner.RunTest" name="runScenario" time="12.336"/>
  <system-out/>
</testsuite> <!-- TestRunner.RunTest -->
