<?xml version="1.0" encoding="UTF-8"?>
<!-- Generated by org.testng.reporters.JUnitReportReporter -->
<testsuite hostname="DESKTOP-2BBAR26" failures="0" tests="3" name="TestRunner.RunTest" time="21.806" errors="0" timestamp="2024-01-16T14:06:00 IST" skipped="0">
  <testcase classname="TestRunner.RunTest" name="runScenario" time="2.251"/>
  <system-out/>
  <testcase classname="TestRunner.RunTest" name="runScenario" time="17.774"/>
  <system-out/>
  <testcase classname="TestRunner.RunTest" name="runScenario" time="1.781"/>
  <system-out/>
</testsuite> <!-- TestRunner.RunTest -->
