<?xml version="1.0" encoding="UTF-8"?>
<!-- Generated by org.testng.reporters.JUnitReportReporter -->
<testsuite hostname="LAPTOP-6QKOH622" failures="0" tests="4" name="TestRunner.RunTest" time="4.463" errors="0" timestamp="2024-01-16T14:45:19 IST" skipped="0">
  <testcase classname="TestRunner.RunTest" name="runScenario" time="0.550"/>
  <system-out/>
  <testcase classname="TestRunner.RunTest" name="runScenario" time="0.139"/>
  <system-out/>
  <testcase classname="TestRunner.RunTest" name="runScenario" time="3.402"/>
  <system-out/>
  <testcase classname="TestRunner.RunTest" name="runScenario" time="0.372"/>
  <system-out/>
</testsuite> <!-- TestRunner.RunTest -->
